This is pdfTeX, Version 3.14159265-2.6-1.40.19 (TeX Live 2018) (preloaded format=latex 2018.12.10)  9 APR 2020 14:32
entering extended mode
 restricted \write18 enabled.
 %&-line parsing enabled.
**twxb.dbj
(./twxb.dbj
LaTeX2e <2018-04-01> patch level 2
Babel <3.18> and hyphenation patterns for 84 language(s) loaded.
(/usr/local/texlive/2018/texmf-dist/tex/latex/base/docstrip.tex
\blockLevel=\count80
\emptyLines=\count81
\processedLines=\count82
\commentsRemoved=\count83
\commentsPassed=\count84
\codeLinesPassed=\count85
\TotalprocessedLines=\count86
\TotalcommentsRemoved=\count87
\TotalcommentsPassed=\count88
\TotalcodeLinesPassed=\count89
\NumberOfFiles=\count90
\inFile=\read1
\inputcheck=\read2
\off@0=\count91
\off@1=\count92
\off@2=\count93
\off@3=\count94
\off@4=\count95
\off@5=\count96
\off@6=\count97
\off@7=\count98
\off@8=\count99
\off@9=\count100
\off@10=\count101
\off@11=\count102
\off@12=\count103
\off@13=\count104
\off@14=\count105
\off@15=\count106
\@maxfiles=\count107
\@maxoutfiles=\count108

Utility: `docstrip' 2.5e <2014/09/29>
English documentation    <2017/03/13>

**********************************************************
* This program converts documented macro-files into fast *
* loadable files by stripping off (nearly) all comments! *
**********************************************************

********************************************************
* No Configuration file found, using default settings. *
********************************************************

)

Generating file(s) ./twxb.bst 
\openout0 = `./twxb.bst'.


Processing file merlin.mbs (seq-no,vonx,nm-rv,ed-rev,jnrlst,nmlm,x3,m3,dt-jnl,y
r-com,xmth,tit-it,atit-u,jtit-x,jxper,jttl-rm,thtit-x,trnum-it,vnum-x,volp-sp,j
pg-1,pp-last,num-xser,bkpg-x,add-pub,pub-date,pub-xpar,pre-edn,isbn,in-x,fin-ba
re,xedn,jabr,and-xcom,em-x,nfss,) -> twxb.bst
Lines  processed: 9446
Comments removed: 3867
Comments  passed: 1
Codelines passed: 3732

 ) 
Here is how much of TeX's memory you used:
 631 strings out of 492650
 5428 string characters out of 6129647
 72458 words of memory out of 5000000
 4607 multiletter control sequences out of 15000+600000
 3640 words of font info for 14 fonts, out of 8000000 for 9000
 1141 hyphenation exceptions out of 8191
 13i,0n,15p,309b,439s stack positions out of 5000i,500n,10000p,200000b,80000s

No pages of output.
